[37703][1669319788826][shell][info]["EventBus~initialize - Success"]
[37703][1669319788842][shell][info]["bootShellCrashReporter~ Success"]
[37703][1669319789724][shell][info]["shellController~init: Success"]
[37703][1669319789725][shell][info]["shellMeta~init: Success"]
[37703][1669319789726][shell][info]["partitionMigrationService: State of V7 partition:"]
[37703][1669319789727][shell][info]["partitionMigrationService: V7 partitions",[]]
[37703][1669319789727][shell][info]["partitionMigrationService: V7 lastActiveUser",null]
[37703][1669319789728][shell][info]["partitionMigrationService: V7 activePartition",null]
[37703][1669319789728][shell][info]["partitionMigrationService: V7 isPartitionDirty",null]
[37703][1669319789729][shell][info]["partitionMigrationService~rectifyNamespaceOfScratchPadPartition: There is no partition with scratchpad namespace"]
[37703][1669319789729][shell][info]["partitionMigrationService~rectifyNamespaceOfScratchPadPartition: There is no transit partition which could have been used for scratchpad"]
[37703][1669319789730][shell][info]["partitionMigrationService~init: Success"]
[37703][1669319789730][shell][info]["partitionMigrationService~runV8PartitionsIntegrity: Two way migration~ removing the following partitions from v8",[]]
[37703][1669319789731][shell][info]["userPartitionService~_rectifyTheActivePartitionOfApplication: Setting the active partition to ",null]
[37703][1669319789732][shell][info]["userPartitionService~init: Success"]
[37703][1669319789733][shell][info]["userPartitionService: State of v8 partition system:"]
[37703][1669319789733][shell][info]["userPartitionService: List of partitions:",[]]
[37703][1669319789734][shell][info]["userPartitionService: users global meta:",{"activePartition":null}]
[37703][1669319789735][shell][info]["shell~init~getPartitionToLoad: loading scratchpad partition"]
[37703][1669319789741][shell][info]["init~setViewAttributes - Initializing view with opts:"]
[37703][1669319789743][shell][info]["verifyPartitionIdWithMain: Verifying partition ID from main process"]
[37703][1669319789744][shell][info]["Shell~init~setViewAttributes: passing scratchpad partition id as ","434d0aed-a837-4b59-a052-407f7fc32b18"]
[37703][1669319789744][shell][info]["Shell~init~setViewAttributes: do we have any logged in users? ",false]
[37703][1669319789746][shell][info]["init~setViewAttributes - Success"]
[37703][1669319789779][shell][info]["verifyPartitionIdWithMain: Bailing out as migration has not been done"]
[37703][1669319793566][shell][info]["Shell~init~sendUsersDataToRenderer",[]]
[42582][1669322341459][shell][info]["EventBus~initialize - Success"]
[42582][1669322341476][shell][info]["bootShellCrashReporter~ Success"]
[42582][1669322342361][shell][info]["shellController~init: Success"]
[42582][1669322342363][shell][info]["shellMeta~init: Success"]
[42582][1669322342364][shell][info]["partitionMigrationService: State of V7 partition:"]
[42582][1669322342364][shell][info]["partitionMigrationService: V7 partitions",[]]
[42582][1669322342365][shell][info]["partitionMigrationService: V7 lastActiveUser",null]
[42582][1669322342365][shell][info]["partitionMigrationService: V7 activePartition",null]
[42582][1669322342366][shell][info]["partitionMigrationService: V7 isPartitionDirty",null]
[42582][1669322342367][shell][info]["partitionMigrationService~init: Success"]
[42582][1669322342368][shell][info]["partitionMigrationService~runV8PartitionsIntegrity: Two way migration~ removing the following partitions from v8",[]]
[42582][1669322342369][shell][info]["userPartitionService~_rectifyTheActivePartitionOfApplication: Setting the active partition to ",null]
[42582][1669322342370][shell][info]["userPartitionService~init: Success"]
[42582][1669322342371][shell][info]["userPartitionService: State of v8 partition system:"]
[42582][1669322342372][shell][info]["userPartitionService: List of partitions:",[{"partitionId":"434d0aed-a837-4b59-a052-407f7fc32b18","namespace":"scratchPad","userId":0,"teamId":0,"isDirty":false}]]
[42582][1669322342372][shell][info]["userPartitionService: users global meta:",{"activePartition":null}]
[42582][1669322342373][shell][info]["shell~init~getPartitionToLoad: loading scratchpad partition"]
[42582][1669322342376][shell][info]["init~setViewAttributes - Initializing view with opts:"]
[42582][1669322342380][shell][info]["verifyPartitionIdWithMain: Verifying partition ID from main process"]
[42582][1669322342381][shell][info]["Shell~init~setViewAttributes: passing scratchpad partition id as ","434d0aed-a837-4b59-a052-407f7fc32b18"]
[42582][1669322342382][shell][info]["Shell~init~setViewAttributes: do we have any logged in users? ",false]
[42582][1669322342384][shell][info]["init~setViewAttributes - Success"]
[42582][1669322342430][shell][info]["verifyPartitionIdWithMain: Bailing out as migration has not been done"]
[42582][1669322345435][shell][info]["Shell~init~sendUsersDataToRenderer",[]]
[73982][1669326073718][shell][info]["EventBus~initialize - Success"]
[73982][1669326073733][shell][info]["bootShellCrashReporter~ Success"]
[73982][1669326074575][shell][info]["shellController~init: Success"]
[73982][1669326074576][shell][info]["shellMeta~init: Success"]
[73982][1669326074577][shell][info]["partitionMigrationService: State of V7 partition:"]
[73982][1669326074578][shell][info]["partitionMigrationService: V7 partitions",[]]
[73982][1669326074578][shell][info]["partitionMigrationService: V7 lastActiveUser",null]
[73982][1669326074579][shell][info]["partitionMigrationService: V7 activePartition",null]
[73982][1669326074579][shell][info]["partitionMigrationService: V7 isPartitionDirty",null]
[73982][1669326074580][shell][info]["partitionMigrationService~init: Success"]
[73982][1669326074581][shell][info]["partitionMigrationService~runV8PartitionsIntegrity: Two way migration~ removing the following partitions from v8",[]]
[73982][1669326074582][shell][info]["userPartitionService~_rectifyTheActivePartitionOfApplication: Setting the active partition to ",null]
[73982][1669326074583][shell][info]["userPartitionService~init: Success"]
[73982][1669326074583][shell][info]["userPartitionService: State of v8 partition system:"]
[73982][1669326074584][shell][info]["userPartitionService: List of partitions:",[{"partitionId":"434d0aed-a837-4b59-a052-407f7fc32b18","namespace":"scratchPad","userId":0,"teamId":0,"isDirty":false}]]
[73982][1669326074585][shell][info]["userPartitionService: users global meta:",{"activePartition":null}]
[73982][1669326074585][shell][info]["shell~init~getPartitionToLoad: loading scratchpad partition"]
[73982][1669326074587][shell][info]["init~setViewAttributes - Initializing view with opts:"]
[73982][1669326074590][shell][info]["verifyPartitionIdWithMain: Verifying partition ID from main process"]
[73982][1669326074591][shell][info]["Shell~init~setViewAttributes: passing scratchpad partition id as ","434d0aed-a837-4b59-a052-407f7fc32b18"]
[73982][1669326074591][shell][info]["Shell~init~setViewAttributes: do we have any logged in users? ",false]
[73982][1669326074593][shell][info]["init~setViewAttributes - Success"]
[73982][1669326074611][shell][info]["verifyPartitionIdWithMain: Bailing out as migration has not been done"]
[73982][1669326077558][shell][info]["Shell~init~sendUsersDataToRenderer",[]]
[40268][1669413966137][shell][info]["EventBus~initialize - Success"]
[40268][1669413966144][shell][info]["bootShellCrashReporter~ Success"]
[40268][1669413966597][shell][info]["shellController~init: Success"]
[40268][1669413966597][shell][info]["shellMeta~init: Success"]
[40268][1669413966598][shell][info]["partitionMigrationService: State of V7 partition:"]
[40268][1669413966598][shell][info]["partitionMigrationService: V7 partitions",[]]
[40268][1669413966598][shell][info]["partitionMigrationService: V7 lastActiveUser",null]
[40268][1669413966598][shell][info]["partitionMigrationService: V7 activePartition",null]
[40268][1669413966598][shell][info]["partitionMigrationService: V7 isPartitionDirty",null]
[40268][1669413966599][shell][info]["partitionMigrationService~init: Success"]
[40268][1669413966599][shell][info]["partitionMigrationService~runV8PartitionsIntegrity: Two way migration~ removing the following partitions from v8",[]]
[40268][1669413966599][shell][info]["userPartitionService~_rectifyTheActivePartitionOfApplication: Setting the active partition to ",null]
[40268][1669413966600][shell][info]["userPartitionService~init: Success"]
[40268][1669413966600][shell][info]["userPartitionService: State of v8 partition system:"]
[40268][1669413966600][shell][info]["userPartitionService: List of partitions:",[{"partitionId":"434d0aed-a837-4b59-a052-407f7fc32b18","namespace":"scratchPad","userId":0,"teamId":0,"isDirty":false}]]
[40268][1669413966600][shell][info]["userPartitionService: users global meta:",{"activePartition":null}]
[40268][1669413966600][shell][info]["shell~init~getPartitionToLoad: loading scratchpad partition"]
[40268][1669413966601][shell][info]["init~setViewAttributes - Initializing view with opts:"]
[40268][1669413966602][shell][info]["verifyPartitionIdWithMain: Verifying partition ID from main process"]
[40268][1669413966603][shell][info]["Shell~init~setViewAttributes: passing scratchpad partition id as ","434d0aed-a837-4b59-a052-407f7fc32b18"]
[40268][1669413966603][shell][info]["Shell~init~setViewAttributes: do we have any logged in users? ",false]
[40268][1669413966604][shell][info]["init~setViewAttributes - Success"]
[40268][1669413966609][shell][info]["verifyPartitionIdWithMain: Bailing out as migration has not been done"]
[40268][1669413967842][shell][info]["Shell~init~sendUsersDataToRenderer",[]]
[15553][1669423971328][shell][info]["EventBus~initialize - Success"]
[15553][1669423971336][shell][info]["bootShellCrashReporter~ Success"]
[15553][1669423971778][shell][info]["shellController~init: Success"]
[15553][1669423971778][shell][info]["shellMeta~init: Success"]
[15553][1669423971778][shell][info]["partitionMigrationService: State of V7 partition:"]
[15553][1669423971779][shell][info]["partitionMigrationService: V7 partitions",[]]
[15553][1669423971779][shell][info]["partitionMigrationService: V7 lastActiveUser",null]
[15553][1669423971779][shell][info]["partitionMigrationService: V7 activePartition",null]
[15553][1669423971779][shell][info]["partitionMigrationService: V7 isPartitionDirty",null]
[15553][1669423971779][shell][info]["partitionMigrationService~init: Success"]
[15553][1669423971780][shell][info]["partitionMigrationService~runV8PartitionsIntegrity: Two way migration~ removing the following partitions from v8",[]]
[15553][1669423971780][shell][info]["userPartitionService~_rectifyTheActivePartitionOfApplication: Setting the active partition to ",null]
[15553][1669423971780][shell][info]["userPartitionService~init: Success"]
[15553][1669423971781][shell][info]["userPartitionService: State of v8 partition system:"]
[15553][1669423971781][shell][info]["userPartitionService: List of partitions:",[{"partitionId":"434d0aed-a837-4b59-a052-407f7fc32b18","namespace":"scratchPad","userId":0,"teamId":0,"isDirty":false}]]
[15553][1669423971781][shell][info]["userPartitionService: users global meta:",{"activePartition":null}]
[15553][1669423971781][shell][info]["shell~init~getPartitionToLoad: loading scratchpad partition"]
[15553][1669423971782][shell][info]["init~setViewAttributes - Initializing view with opts:"]
[15553][1669423971783][shell][info]["verifyPartitionIdWithMain: Verifying partition ID from main process"]
[15553][1669423971783][shell][info]["Shell~init~setViewAttributes: passing scratchpad partition id as ","434d0aed-a837-4b59-a052-407f7fc32b18"]
[15553][1669423971783][shell][info]["Shell~init~setViewAttributes: do we have any logged in users? ",false]
[15553][1669423971784][shell][info]["init~setViewAttributes - Success"]
[15553][1669423971789][shell][info]["verifyPartitionIdWithMain: Bailing out as migration has not been done"]
[15553][1669423973037][shell][info]["Shell~init~sendUsersDataToRenderer",[]]
[61870][1669596719253][shell][info]["EventBus~initialize - Success"]
[61870][1669596719266][shell][info]["bootShellCrashReporter~ Success"]
[61870][1669596720095][shell][info]["shellController~init: Success"]
[61870][1669596720096][shell][info]["shellMeta~init: Success"]
[61870][1669596720097][shell][info]["partitionMigrationService: State of V7 partition:"]
[61870][1669596720098][shell][info]["partitionMigrationService: V7 partitions",[]]
[61870][1669596720098][shell][info]["partitionMigrationService: V7 lastActiveUser",null]
[61870][1669596720098][shell][info]["partitionMigrationService: V7 activePartition",null]
[61870][1669596720099][shell][info]["partitionMigrationService: V7 isPartitionDirty",null]
[61870][1669596720100][shell][info]["partitionMigrationService~init: Success"]
[61870][1669596720100][shell][info]["partitionMigrationService~runV8PartitionsIntegrity: Two way migration~ removing the following partitions from v8",[]]
[61870][1669596720101][shell][info]["userPartitionService~_rectifyTheActivePartitionOfApplication: Setting the active partition to ",null]
[61870][1669596720102][shell][info]["userPartitionService~init: Success"]
[61870][1669596720102][shell][info]["userPartitionService: State of v8 partition system:"]
[61870][1669596720103][shell][info]["userPartitionService: List of partitions:",[{"partitionId":"434d0aed-a837-4b59-a052-407f7fc32b18","namespace":"scratchPad","userId":0,"teamId":0,"isDirty":false}]]
[61870][1669596720103][shell][info]["userPartitionService: users global meta:",{"activePartition":null}]
[61870][1669596720103][shell][info]["shell~init~getPartitionToLoad: loading scratchpad partition"]
[61870][1669596720105][shell][info]["init~setViewAttributes - Initializing view with opts:"]
[61870][1669596720108][shell][info]["verifyPartitionIdWithMain: Verifying partition ID from main process"]
[61870][1669596720109][shell][info]["Shell~init~setViewAttributes: passing scratchpad partition id as ","434d0aed-a837-4b59-a052-407f7fc32b18"]
[61870][1669596720109][shell][info]["Shell~init~setViewAttributes: do we have any logged in users? ",false]
[61870][1669596720110][shell][info]["init~setViewAttributes - Success"]
[61870][1669596720121][shell][info]["verifyPartitionIdWithMain: Bailing out as migration has not been done"]
[61870][1669596721726][shell][info]["Shell~init~sendUsersDataToRenderer",[]]
[56207][1669662418327][shell][info]["EventBus~initialize - Success"]
[56207][1669662418336][shell][info]["bootShellCrashReporter~ Success"]
[56207][1669662418828][shell][info]["shellController~init: Success"]
[56207][1669662418828][shell][info]["shellMeta~init: Success"]
[56207][1669662418829][shell][info]["partitionMigrationService: State of V7 partition:"]
[56207][1669662418829][shell][info]["partitionMigrationService: V7 partitions",[]]
[56207][1669662418829][shell][info]["partitionMigrationService: V7 lastActiveUser",null]
[56207][1669662418829][shell][info]["partitionMigrationService: V7 activePartition",null]
[56207][1669662418829][shell][info]["partitionMigrationService: V7 isPartitionDirty",null]
[56207][1669662418830][shell][info]["partitionMigrationService~init: Success"]
[56207][1669662418830][shell][info]["partitionMigrationService~runV8PartitionsIntegrity: Two way migration~ removing the following partitions from v8",[]]
[56207][1669662418831][shell][info]["userPartitionService~_rectifyTheActivePartitionOfApplication: Setting the active partition to ",null]
[56207][1669662418831][shell][info]["userPartitionService~init: Success"]
[56207][1669662418832][shell][info]["userPartitionService: State of v8 partition system:"]
[56207][1669662418832][shell][info]["userPartitionService: List of partitions:",[{"partitionId":"434d0aed-a837-4b59-a052-407f7fc32b18","namespace":"scratchPad","userId":0,"teamId":0,"isDirty":false}]]
[56207][1669662418832][shell][info]["userPartitionService: users global meta:",{"activePartition":null}]
[56207][1669662418832][shell][info]["shell~init~getPartitionToLoad: loading scratchpad partition"]
[56207][1669662418833][shell][info]["init~setViewAttributes - Initializing view with opts:"]
[56207][1669662418835][shell][info]["verifyPartitionIdWithMain: Verifying partition ID from main process"]
[56207][1669662418835][shell][info]["Shell~init~setViewAttributes: passing scratchpad partition id as ","434d0aed-a837-4b59-a052-407f7fc32b18"]
[56207][1669662418835][shell][info]["Shell~init~setViewAttributes: do we have any logged in users? ",false]
[56207][1669662418836][shell][info]["init~setViewAttributes - Success"]
[56207][1669662418908][shell][info]["verifyPartitionIdWithMain: Bailing out as migration has not been done"]
[56207][1669662420420][shell][info]["Shell~init~sendUsersDataToRenderer",[]]
[24189][1669932308738][shell][info]["EventBus~initialize - Success"]
[24189][1669932308754][shell][info]["bootShellCrashReporter~ Success"]
[24189][1669932309633][shell][info]["shellController~init: Success"]
[24189][1669932309634][shell][info]["shellMeta~init: Success"]
[24189][1669932309635][shell][info]["partitionMigrationService: State of V7 partition:"]
[24189][1669932309636][shell][info]["partitionMigrationService: V7 partitions",[]]
[24189][1669932309636][shell][info]["partitionMigrationService: V7 lastActiveUser",null]
[24189][1669932309636][shell][info]["partitionMigrationService: V7 activePartition",null]
[24189][1669932309637][shell][info]["partitionMigrationService: V7 isPartitionDirty",null]
[24189][1669932309638][shell][info]["partitionMigrationService~init: Success"]
[24189][1669932309638][shell][info]["partitionMigrationService~runV8PartitionsIntegrity: Two way migration~ removing the following partitions from v8",[]]
[24189][1669932309639][shell][info]["userPartitionService~_rectifyTheActivePartitionOfApplication: Setting the active partition to ",null]
[24189][1669932309640][shell][info]["userPartitionService~init: Success"]
[24189][1669932309641][shell][info]["userPartitionService: State of v8 partition system:"]
[24189][1669932309641][shell][info]["userPartitionService: List of partitions:",[{"partitionId":"434d0aed-a837-4b59-a052-407f7fc32b18","namespace":"scratchPad","userId":0,"teamId":0,"isDirty":false}]]
[24189][1669932309642][shell][info]["userPartitionService: users global meta:",{"activePartition":null}]
[24189][1669932309642][shell][info]["shell~init~getPartitionToLoad: loading scratchpad partition"]
[24189][1669932309644][shell][info]["init~setViewAttributes - Initializing view with opts:"]
[24189][1669932309647][shell][info]["verifyPartitionIdWithMain: Verifying partition ID from main process"]
[24189][1669932309648][shell][info]["Shell~init~setViewAttributes: passing scratchpad partition id as ","434d0aed-a837-4b59-a052-407f7fc32b18"]
[24189][1669932309648][shell][info]["Shell~init~setViewAttributes: do we have any logged in users? ",false]
[24189][1669932309649][shell][info]["init~setViewAttributes - Success"]
[24189][1669932309677][shell][info]["verifyPartitionIdWithMain: Bailing out as migration has not been done"]
[24189][1669932311642][shell][info]["Shell~init~sendUsersDataToRenderer",[]]
[34271][1670017731187][shell][info]["EventBus~initialize - Success"]
[34271][1670017731200][shell][info]["bootShellCrashReporter~ Success"]
[34271][1670017732049][shell][info]["shellController~init: Success"]
[34271][1670017732050][shell][info]["shellMeta~init: Success"]
[34271][1670017732051][shell][info]["partitionMigrationService: State of V7 partition:"]
[34271][1670017732051][shell][info]["partitionMigrationService: V7 partitions",[]]
[34271][1670017732051][shell][info]["partitionMigrationService: V7 lastActiveUser",null]
[34271][1670017732052][shell][info]["partitionMigrationService: V7 activePartition",null]
[34271][1670017732052][shell][info]["partitionMigrationService: V7 isPartitionDirty",null]
[34271][1670017732053][shell][info]["partitionMigrationService~init: Success"]
[34271][1670017732053][shell][info]["partitionMigrationService~runV8PartitionsIntegrity: Two way migration~ removing the following partitions from v8",[]]
[34271][1670017732054][shell][info]["userPartitionService~_rectifyTheActivePartitionOfApplication: Setting the active partition to ",null]
[34271][1670017732055][shell][info]["userPartitionService~init: Success"]
[34271][1670017732056][shell][info]["userPartitionService: State of v8 partition system:"]
[34271][1670017732056][shell][info]["userPartitionService: List of partitions:",[{"partitionId":"434d0aed-a837-4b59-a052-407f7fc32b18","namespace":"scratchPad","userId":0,"teamId":0,"isDirty":false}]]
[34271][1670017732057][shell][info]["userPartitionService: users global meta:",{"activePartition":null}]
[34271][1670017732057][shell][info]["shell~init~getPartitionToLoad: loading scratchpad partition"]
[34271][1670017732059][shell][info]["init~setViewAttributes - Initializing view with opts:"]
[34271][1670017732061][shell][info]["verifyPartitionIdWithMain: Verifying partition ID from main process"]
[34271][1670017732061][shell][info]["Shell~init~setViewAttributes: passing scratchpad partition id as ","434d0aed-a837-4b59-a052-407f7fc32b18"]
[34271][1670017732062][shell][info]["Shell~init~setViewAttributes: do we have any logged in users? ",false]
[34271][1670017732063][shell][info]["init~setViewAttributes - Success"]
[34271][1670017732077][shell][info]["verifyPartitionIdWithMain: Bailing out as migration has not been done"]
[34271][1670017733365][shell][info]["Shell~init~sendUsersDataToRenderer",[]]
[103794][1670280835351][shell][info]["EventBus~initialize - Success"]
[103794][1670280835364][shell][info]["bootShellCrashReporter~ Success"]
[103794][1670280835832][shell][info]["shellController~init: Success"]
[103794][1670280835833][shell][info]["shellMeta~init: Success"]
[103794][1670280835833][shell][info]["partitionMigrationService: State of V7 partition:"]
[103794][1670280835833][shell][info]["partitionMigrationService: V7 partitions",[]]
[103794][1670280835833][shell][info]["partitionMigrationService: V7 lastActiveUser",null]
[103794][1670280835833][shell][info]["partitionMigrationService: V7 activePartition",null]
[103794][1670280835834][shell][info]["partitionMigrationService: V7 isPartitionDirty",null]
[103794][1670280835834][shell][info]["partitionMigrationService~init: Success"]
[103794][1670280835834][shell][info]["partitionMigrationService~runV8PartitionsIntegrity: Two way migration~ removing the following partitions from v8",[]]
[103794][1670280835835][shell][info]["userPartitionService~_rectifyTheActivePartitionOfApplication: Setting the active partition to ",null]
[103794][1670280835835][shell][info]["userPartitionService~init: Success"]
[103794][1670280835836][shell][info]["userPartitionService: State of v8 partition system:"]
[103794][1670280835836][shell][info]["userPartitionService: List of partitions:",[{"partitionId":"434d0aed-a837-4b59-a052-407f7fc32b18","namespace":"scratchPad","userId":0,"teamId":0,"isDirty":false}]]
[103794][1670280835836][shell][info]["userPartitionService: users global meta:",{"activePartition":null}]
[103794][1670280835836][shell][info]["shell~init~getPartitionToLoad: loading scratchpad partition"]
[103794][1670280835837][shell][info]["init~setViewAttributes - Initializing view with opts:"]
[103794][1670280835839][shell][info]["verifyPartitionIdWithMain: Verifying partition ID from main process"]
[103794][1670280835839][shell][info]["Shell~init~setViewAttributes: passing scratchpad partition id as ","434d0aed-a837-4b59-a052-407f7fc32b18"]
[103794][1670280835839][shell][info]["Shell~init~setViewAttributes: do we have any logged in users? ",false]
[103794][1670280835840][shell][info]["init~setViewAttributes - Success"]
[103794][1670280835849][shell][info]["verifyPartitionIdWithMain: Bailing out as migration has not been done"]
[103794][1670280837088][shell][info]["Shell~init~sendUsersDataToRenderer",[]]
[152451][1670709926582][shell][info]["EventBus~initialize - Success"]
[152451][1670709926591][shell][info]["bootShellCrashReporter~ Success"]
[152451][1670709927406][shell][info]["shellController~init: Success"]
[152451][1670709927407][shell][info]["shellMeta~init: Success"]
[152451][1670709927408][shell][info]["partitionMigrationService: State of V7 partition:"]
[152451][1670709927409][shell][info]["partitionMigrationService: V7 partitions",[]]
[152451][1670709927409][shell][info]["partitionMigrationService: V7 lastActiveUser",null]
[152451][1670709927409][shell][info]["partitionMigrationService: V7 activePartition",null]
[152451][1670709927410][shell][info]["partitionMigrationService: V7 isPartitionDirty",null]
[152451][1670709927411][shell][info]["partitionMigrationService~init: Success"]
[152451][1670709927411][shell][info]["partitionMigrationService~runV8PartitionsIntegrity: Two way migration~ removing the following partitions from v8",[]]
[152451][1670709927412][shell][info]["userPartitionService~_rectifyTheActivePartitionOfApplication: Setting the active partition to ",null]
[152451][1670709927413][shell][info]["userPartitionService~init: Success"]
[152451][1670709927414][shell][info]["userPartitionService: State of v8 partition system:"]
[152451][1670709927415][shell][info]["userPartitionService: List of partitions:",[{"partitionId":"434d0aed-a837-4b59-a052-407f7fc32b18","namespace":"scratchPad","userId":0,"teamId":0,"isDirty":false}]]
[152451][1670709927415][shell][info]["userPartitionService: users global meta:",{"activePartition":null}]
[152451][1670709927415][shell][info]["shell~init~getPartitionToLoad: loading scratchpad partition"]
[152451][1670709927417][shell][info]["init~setViewAttributes - Initializing view with opts:"]
[152451][1670709927420][shell][info]["verifyPartitionIdWithMain: Verifying partition ID from main process"]
[152451][1670709927421][shell][info]["Shell~init~setViewAttributes: passing scratchpad partition id as ","434d0aed-a837-4b59-a052-407f7fc32b18"]
[152451][1670709927421][shell][info]["Shell~init~setViewAttributes: do we have any logged in users? ",false]
[152451][1670709927423][shell][info]["init~setViewAttributes - Success"]
[152451][1670709927435][shell][info]["verifyPartitionIdWithMain: Bailing out as migration has not been done"]
[152451][1670709930447][shell][info]["Shell~init~sendUsersDataToRenderer",[]]
